#! /usr/bin/vvp
:ivl_version "11.0 (stable)";
:ivl_delay_selection "TYPICAL";
:vpi_time_precision + 0;
:vpi_module "/usr/lib/x86_64-linux-gnu/ivl/system.vpi";
:vpi_module "/usr/lib/x86_64-linux-gnu/ivl/vhdl_sys.vpi";
:vpi_module "/usr/lib/x86_64-linux-gnu/ivl/vhdl_textio.vpi";
:vpi_module "/usr/lib/x86_64-linux-gnu/ivl/v2005_math.vpi";
:vpi_module "/usr/lib/x86_64-linux-gnu/ivl/va_math.vpi";
S_0x561934ecdd90 .scope module, "fp_posit_mul" "fp_posit_mul" 2 1;
 .timescale 0 0;
    .port_info 0 /INPUT 1 "clk";
    .port_info 1 /INPUT 1 "rst";
    .port_info 2 /INPUT 16 "act";
    .port_info 3 /INPUT 1 "w";
    .port_info 4 /INPUT 1 "valid";
    .port_info 5 /INPUT 1 "set";
    .port_info 6 /INPUT 4 "precision";
    .port_info 7 /OUTPUT 1 "sign_out";
    .port_info 8 /OUTPUT 5 "exp_out";
    .port_info 9 /OUTPUT 14 "man_out";
    .port_info 10 /OUTPUT 1 "start_acc";
    .port_info 11 /OUTPUT 1 "done";
P_0x561934ecdf20 .param/l "ACT_WIDTH" 0 2 2, +C4<00000000000000000000000000010000>;
P_0x561934ecdf60 .param/l "EXP_WIDTH" 0 2 3, +C4<00000000000000000000000000000101>;
P_0x561934ecdfa0 .param/l "MANTISSA" 1 2 43, C4<10>;
P_0x561934ecdfe0 .param/l "MAN_WIDTH" 0 2 4, +C4<00000000000000000000000000001010>;
P_0x561934ece020 .param/l "REGIME" 1 2 42, C4<01>;
P_0x561934ece060 .param/l "SIGN" 1 2 41, C4<00>;
o0x7f5e0c1210a8 .functor BUFZ 16, C4<zzzzzzzzzzzzzzzz>; HiZ drive
L_0x561934ef6370 .functor BUFZ 16, o0x7f5e0c1210a8, C4<0000000000000000>, C4<0000000000000000>, C4<0000000000000000>;
v0x561934ef6490_0 .net *"_ivl_5", 15 0, L_0x561934ef6370;  1 drivers
v0x561934ef6530_0 .var "_precision", 3 0;
v0x561934ef75c0_0 .var "_regime", 0 0;
v0x561934ef7690_0 .net "act", 15 0, o0x7f5e0c1210a8;  0 drivers
v0x561934f28480_0 .net "act_exponent", 4 0, L_0x561934f296f0;  1 drivers
v0x561934f28560_0 .net "act_mantissa", 9 0, L_0x561934f29790;  1 drivers
v0x561934f28640_0 .net "act_sign", 0 0, L_0x561934f29650;  1 drivers
o0x7f5e0c121168 .functor BUFZ 1, C4<z>; HiZ drive
v0x561934f28700_0 .net "clk", 0 0, o0x7f5e0c121168;  0 drivers
v0x561934f287c0_0 .var "count", 3 0;
v0x561934f288a0_0 .var "done", 0 0;
o0x7f5e0c1211f8 .functor BUFZ 5, C4<zzzzz>; HiZ drive
v0x561934f28960_0 .net "exp_out", 4 0, o0x7f5e0c1211f8;  0 drivers
o0x7f5e0c121228 .functor BUFZ 14, C4<zzzzzzzzzzzzzz>; HiZ drive
v0x561934f28a40_0 .net "man_out", 13 0, o0x7f5e0c121228;  0 drivers
o0x7f5e0c121258 .functor BUFZ 4, C4<zzzz>; HiZ drive
v0x561934f28b20_0 .net "precision", 3 0, o0x7f5e0c121258;  0 drivers
v0x561934f28c00_0 .var "regime_done", 0 0;
v0x561934f28cc0_0 .var "regime_sign", 0 0;
o0x7f5e0c1212e8 .functor BUFZ 1, C4<z>; HiZ drive
v0x561934f28d80_0 .net "rst", 0 0, o0x7f5e0c1212e8;  0 drivers
o0x7f5e0c121318 .functor BUFZ 1, C4<z>; HiZ drive
v0x561934f28e40_0 .net "set", 0 0, o0x7f5e0c121318;  0 drivers
v0x561934f29010_0 .var "sign_out", 0 0;
v0x561934f290d0_0 .var "start_acc", 0 0;
v0x561934f29190_0 .var "state", 1 0;
v0x561934f29270_0 .var "state_next", 1 0;
o0x7f5e0c121408 .functor BUFZ 1, C4<z>; HiZ drive
v0x561934f29350_0 .net "valid", 0 0, o0x7f5e0c121408;  0 drivers
o0x7f5e0c121438 .functor BUFZ 1, C4<z>; HiZ drive
v0x561934f29410_0 .net "w", 0 0, o0x7f5e0c121438;  0 drivers
E_0x561934f073b0/0 .event negedge, v0x561934f28d80_0;
E_0x561934f073b0/1 .event posedge, v0x561934f28700_0;
E_0x561934f073b0 .event/or E_0x561934f073b0/0, E_0x561934f073b0/1;
E_0x561934f07160/0 .event edge, v0x561934f29190_0, v0x561934f29350_0, v0x561934f287c0_0, v0x561934ef6530_0;
E_0x561934f07160/1 .event edge, v0x561934f28c00_0;
E_0x561934f07160 .event/or E_0x561934f07160/0, E_0x561934f07160/1;
L_0x561934f29650 .part L_0x561934ef6370, 15, 1;
L_0x561934f296f0 .part L_0x561934ef6370, 10, 5;
L_0x561934f29790 .part L_0x561934ef6370, 0, 10;
    .scope S_0x561934ecdd90;
T_0 ;
    %wait E_0x561934f073b0;
    %load/vec4 v0x561934f28d80_0;
    %nor/r;
    %flag_set/vec4 8;
    %jmp/0xz  T_0.0, 8;
    %pushi/vec4 0, 0, 4;
    %assign/vec4 v0x561934ef6530_0, 0;
    %jmp T_0.1;
T_0.0 ;
    %load/vec4 v0x561934f28e40_0;
    %flag_set/vec4 8;
    %jmp/0xz  T_0.2, 8;
    %load/vec4 v0x561934f28b20_0;
    %assign/vec4 v0x561934ef6530_0, 0;
T_0.2 ;
T_0.1 ;
    %jmp T_0;
    .thread T_0;
    .scope S_0x561934ecdd90;
T_1 ;
    %wait E_0x561934f073b0;
    %load/vec4 v0x561934f28d80_0;
    %nor/r;
    %flag_set/vec4 8;
    %jmp/0xz  T_1.0, 8;
    %pushi/vec4 0, 0, 2;
    %assign/vec4 v0x561934f29190_0, 0;
    %pushi/vec4 0, 0, 4;
    %assign/vec4 v0x561934f287c0_0, 0;
    %pushi/vec4 0, 0, 1;
    %assign/vec4 v0x561934f28c00_0, 0;
    %pushi/vec4 0, 0, 1;
    %assign/vec4 v0x561934f290d0_0, 0;
    %pushi/vec4 0, 0, 1;
    %assign/vec4 v0x561934f288a0_0, 0;
    %jmp T_1.1;
T_1.0 ;
    %load/vec4 v0x561934f29270_0;
    %assign/vec4 v0x561934f29190_0, 0;
    %load/vec4 v0x561934f29350_0;
    %flag_set/vec4 8;
    %jmp/0xz  T_1.2, 8;
    %load/vec4 v0x561934f287c0_0;
    %pad/u 32;
    %load/vec4 v0x561934f28b20_0;
    %pad/u 32;
    %subi 1, 0, 32;
    %cmp/u;
    %jmp/0xz  T_1.4, 5;
    %load/vec4 v0x561934f287c0_0;
    %addi 1, 0, 4;
    %assign/vec4 v0x561934f287c0_0, 0;
    %jmp T_1.5;
T_1.4 ;
    %pushi/vec4 0, 0, 4;
    %assign/vec4 v0x561934f287c0_0, 0;
T_1.5 ;
T_1.2 ;
T_1.1 ;
    %jmp T_1;
    .thread T_1;
    .scope S_0x561934ecdd90;
T_2 ;
    %wait E_0x561934f07160;
    %load/vec4 v0x561934f29190_0;
    %dup/vec4;
    %pushi/vec4 0, 0, 2;
    %cmp/u;
    %jmp/1 T_2.0, 6;
    %dup/vec4;
    %pushi/vec4 1, 0, 2;
    %cmp/u;
    %jmp/1 T_2.1, 6;
    %dup/vec4;
    %pushi/vec4 2, 0, 2;
    %cmp/u;
    %jmp/1 T_2.2, 6;
    %pushi/vec4 0, 0, 2;
    %store/vec4 v0x561934f29270_0, 0, 2;
    %jmp T_2.4;
T_2.0 ;
    %load/vec4 v0x561934f29350_0;
    %flag_set/vec4 8;
    %jmp/0 T_2.5, 8;
    %pushi/vec4 1, 0, 2;
    %jmp/1 T_2.6, 8;
T_2.5 ; End of true expr.
    %pushi/vec4 0, 0, 2;
    %jmp/0 T_2.6, 8;
 ; End of false expr.
    %blend;
T_2.6;
    %store/vec4 v0x561934f29270_0, 0, 2;
    %jmp T_2.4;
T_2.1 ;
    %load/vec4 v0x561934f29350_0;
    %flag_set/vec4 8;
    %jmp/0 T_2.7, 8;
    %load/vec4 v0x561934f287c0_0;
    %pad/u 32;
    %load/vec4 v0x561934ef6530_0;
    %pad/u 32;
    %subi 1, 0, 32;
    %cmp/u;
    %flag_mov 9, 5;
    %jmp/0 T_2.9, 9;
    %load/vec4 v0x561934f28c00_0;
    %flag_set/vec4 10;
    %jmp/0 T_2.11, 10;
    %pushi/vec4 2, 0, 2;
    %jmp/1 T_2.12, 10;
T_2.11 ; End of true expr.
    %pushi/vec4 1, 0, 2;
    %jmp/0 T_2.12, 10;
 ; End of false expr.
    %blend;
T_2.12;
    %jmp/1 T_2.10, 9;
T_2.9 ; End of true expr.
    %pushi/vec4 0, 0, 2;
    %jmp/0 T_2.10, 9;
 ; End of false expr.
    %blend;
T_2.10;
    %jmp/1 T_2.8, 8;
T_2.7 ; End of true expr.
    %pushi/vec4 0, 0, 2;
    %jmp/0 T_2.8, 8;
 ; End of false expr.
    %blend;
T_2.8;
    %store/vec4 v0x561934f29270_0, 0, 2;
    %jmp T_2.4;
T_2.2 ;
    %load/vec4 v0x561934f29350_0;
    %flag_set/vec4 8;
    %jmp/0 T_2.13, 8;
    %load/vec4 v0x561934f287c0_0;
    %pad/u 32;
    %load/vec4 v0x561934ef6530_0;
    %pad/u 32;
    %subi 1, 0, 32;
    %cmp/u;
    %flag_mov 9, 5;
    %jmp/0 T_2.15, 9;
    %pushi/vec4 2, 0, 2;
    %jmp/1 T_2.16, 9;
T_2.15 ; End of true expr.
    %pushi/vec4 0, 0, 2;
    %jmp/0 T_2.16, 9;
 ; End of false expr.
    %blend;
T_2.16;
    %jmp/1 T_2.14, 8;
T_2.13 ; End of true expr.
    %pushi/vec4 0, 0, 2;
    %jmp/0 T_2.14, 8;
 ; End of false expr.
    %blend;
T_2.14;
    %store/vec4 v0x561934f29270_0, 0, 2;
    %jmp T_2.4;
T_2.4 ;
    %pop/vec4 1;
    %jmp T_2;
    .thread T_2, $push;
    .scope S_0x561934ecdd90;
T_3 ;
    %wait E_0x561934f073b0;
    %load/vec4 v0x561934f28d80_0;
    %nor/r;
    %flag_set/vec4 8;
    %jmp/0xz  T_3.0, 8;
    %pushi/vec4 0, 0, 1;
    %assign/vec4 v0x561934f290d0_0, 0;
    %pushi/vec4 0, 0, 1;
    %assign/vec4 v0x561934f288a0_0, 0;
    %pushi/vec4 0, 0, 1;
    %assign/vec4 v0x561934f28c00_0, 0;
    %jmp T_3.1;
T_3.0 ;
    %load/vec4 v0x561934f29350_0;
    %flag_set/vec4 8;
    %jmp/0xz  T_3.2, 8;
    %load/vec4 v0x561934f29190_0;
    %cmpi/e 0, 0, 2;
    %jmp/0xz  T_3.4, 4;
    %load/vec4 v0x561934ef7690_0;
    %parti/s 1, 15, 5;
    %load/vec4 v0x561934f29410_0;
    %xor;
    %assign/vec4 v0x561934f29010_0, 0;
T_3.4 ;
    %load/vec4 v0x561934f29190_0;
    %cmpi/e 1, 0, 2;
    %jmp/0xz  T_3.6, 4;
    %load/vec4 v0x561934f29410_0;
    %assign/vec4 v0x561934ef75c0_0, 0;
    %load/vec4 v0x561934f287c0_0;
    %pad/u 32;
    %cmpi/e 1, 0, 32;
    %jmp/0xz  T_3.8, 4;
    %load/vec4 v0x561934f29410_0;
    %assign/vec4 v0x561934f28cc0_0, 0;
    %jmp T_3.9;
T_3.8 ;
    %load/vec4 v0x561934ef75c0_0;
    %load/vec4 v0x561934f29410_0;
    %xor;
    %flag_set/vec4 8;
    %jmp/0xz  T_3.10, 8;
    %pushi/vec4 1, 0, 1;
    %assign/vec4 v0x561934f28c00_0, 0;
T_3.10 ;
T_3.9 ;
T_3.6 ;
    %load/vec4 v0x561934f287c0_0;
    %pad/u 32;
    %load/vec4 v0x561934ef6530_0;
    %pad/u 32;
    %subi 1, 0, 32;
    %cmp/e;
    %jmp/0xz  T_3.12, 4;
    %pushi/vec4 0, 0, 1;
    %assign/vec4 v0x561934f28c00_0, 0;
    %pushi/vec4 1, 0, 1;
    %assign/vec4 v0x561934f288a0_0, 0;
    %jmp T_3.13;
T_3.12 ;
    %pushi/vec4 0, 0, 1;
    %assign/vec4 v0x561934f290d0_0, 0;
    %pushi/vec4 0, 0, 1;
    %assign/vec4 v0x561934f288a0_0, 0;
T_3.13 ;
T_3.2 ;
T_3.1 ;
    %jmp T_3;
    .thread T_3;
# The file index is used to find the file name in the following table.
:file_names 3;
    "N/A";
    "<interactive>";
    "fp_posit_mul.v";
